{"C:\\Git\\Accelery\\solv.js\\src\\index.ts": {"path":"C:\\Git\\Accelery\\solv.js\\src\\index.ts","statementMap":{"0":{"start":{"line":1,"column":13},"end":{"line":43,"column":2}},"1":{"start":{"line":8,"column":19},"end":{"line":8,"column":24}},"2":{"start":{"line":15,"column":2},"end":{"line":15,"column":18}},"3":{"start":{"line":16,"column":2},"end":{"line":18,"column":null}},"4":{"start":{"line":17,"column":4},"end":{"line":17,"column":16}},"5":{"start":{"line":21,"column":2},"end":{"line":39,"column":null}},"6":{"start":{"line":21,"column":15},"end":{"line":21,"column":16}},"7":{"start":{"line":23,"column":4},"end":{"line":23,"column":20}},"8":{"start":{"line":24,"column":4},"end":{"line":24,"column":38}},"9":{"start":{"line":25,"column":4},"end":{"line":25,"column":26}},"10":{"start":{"line":26,"column":4},"end":{"line":26,"column":20}},"11":{"start":{"line":29,"column":4},"end":{"line":31,"column":null}},"12":{"start":{"line":30,"column":6},"end":{"line":30,"column":28}},"13":{"start":{"line":34,"column":4},"end":{"line":36,"column":null}},"14":{"start":{"line":35,"column":6},"end":{"line":35,"column":16}},"15":{"start":{"line":38,"column":4},"end":{"line":38,"column":12}},"16":{"start":{"line":42,"column":2},"end":{"line":42,"column":37}}},"fnMap":{"0":{"name":"(anonymous_0)","decl":{"start":{"line":1,"column":21},"end":{"line":1,"column":null}},"loc":{"start":{"line":7,"column":4},"end":{"line":43,"column":1}}}},"branchMap":{"0":{"loc":{"start":{"line":3,"column":17},"end":{"line":3,"column":18}},"type":"default-arg","locations":[{"start":{"line":3,"column":17},"end":{"line":3,"column":18}}]},"1":{"loc":{"start":{"line":4,"column":22},"end":{"line":4,"column":26}},"type":"default-arg","locations":[{"start":{"line":4,"column":22},"end":{"line":4,"column":26}}]},"2":{"loc":{"start":{"line":5,"column":26},"end":{"line":5,"column":29}},"type":"default-arg","locations":[{"start":{"line":5,"column":26},"end":{"line":5,"column":29}}]},"3":{"loc":{"start":{"line":6,"column":18},"end":{"line":6,"column":19}},"type":"default-arg","locations":[{"start":{"line":6,"column":18},"end":{"line":6,"column":19}}]},"4":{"loc":{"start":{"line":16,"column":2},"end":{"line":18,"column":null}},"type":"if","locations":[{"start":{"line":16,"column":2},"end":{"line":18,"column":null}},{"start":{"line":16,"column":2},"end":{"line":18,"column":null}}]},"5":{"loc":{"start":{"line":29,"column":4},"end":{"line":31,"column":null}},"type":"if","locations":[{"start":{"line":29,"column":4},"end":{"line":31,"column":null}},{"start":{"line":29,"column":4},"end":{"line":31,"column":null}}]},"6":{"loc":{"start":{"line":34,"column":4},"end":{"line":36,"column":null}},"type":"if","locations":[{"start":{"line":34,"column":4},"end":{"line":36,"column":null}},{"start":{"line":34,"column":4},"end":{"line":36,"column":null}}]}},"s":{"0":1,"1":7,"2":7,"3":7,"4":1,"5":6,"6":6,"7":22,"8":22,"9":22,"10":22,"11":22,"12":2,"13":20,"14":3,"15":17,"16":1},"f":{"0":7},"b":{"0":[4],"1":[5],"2":[6],"3":[7],"4":[1,6],"5":[2,20],"6":[3,17]}}
}
